[01m[K/home/mati/Documents/FinalRobotica2018-master/catkin_ws/src/lazo_cerrado/src/KinematicPositionController.cpp:39:72:[m[K [01;31m[Kerror: [m[Kno â€˜[01m[Kvoid KinematicPositionController::getBaseLinkEKFPose(const ros::Time&)[m[Kâ€™ member function declared in class â€˜[01m[KKinematicPositionController[m[Kâ€™
 void KinematicPositionController::getBaseLinkEKFPose(const ros::Time& t)
[01;32m[K                                                                        ^[m[K
[01m[K/home/mati/Documents/FinalRobotica2018-master/catkin_ws/src/lazo_cerrado/src/KinematicPositionController.cpp:[m[K In member function â€˜[01m[Kvirtual bool KinematicPositionController::control(const ros::Time&, double&, double&, double&)[m[Kâ€™:
[01m[K/home/mati/Documents/FinalRobotica2018-master/catkin_ws/src/lazo_cerrado/src/KinematicPositionController.cpp:119:21:[m[K [01;31m[Kerror: [m[Kâ€˜[01m[KgetBaseLinkEKFPose[m[Kâ€™ was not declared in this scope
 getBaseLinkEKFPose(t);
[01;32m[K                     ^[m[K
[01m[K/home/mati/Documents/FinalRobotica2018-master/catkin_ws/src/lazo_cerrado/src/KinematicPositionController.cpp:[m[K In member function â€˜[01m[Kbool KinematicPositionController::getPursuitBasedGoal(const ros::Time&, double&, double&, double&)[m[Kâ€™:
[01m[K/home/mati/Documents/FinalRobotica2018-master/catkin_ws/src/lazo_cerrado/src/KinematicPositionController.cpp:200:12:[m[K [01;35m[Kwarning: [m[Kunused variable â€˜[01m[Kwpoint_a[m[Kâ€™ [-Wunused-variable]
     double wpoint_a = tf2::getYaw(wpoint.transform.rotation);
[01;32m[K            ^[m[K
make[2]: *** [CMakeFiles/trajectory_follower.dir/src/KinematicPositionController.cpp.o] Error 1
make[2]: *** Waiting for unfinished jobs....
make[1]: *** [CMakeFiles/trajectory_follower.dir/all] Error 2
make: *** [all] Error 2
